<?xml version="1.0" encoding="UTF-8"?>
<!-- Generated by org.testng.reporters.JUnitXMLReporter -->
<testsuite hostname="DESKTOP-GJ80SN7" failures="2" tests="10" name="Test" time="259.333" errors="0" timestamp="22 Nov 2021 05:13:18 GMT">
  <testcase classname="com.mindtree.com.runner.Runner" name="runScenario" time="58.501">
    <failure type="org.openqa.selenium.WebDriverException" message="element click intercepted: Element &amp;lt;label for=&amp;quot;ProductSelect-7019647205574-option-style-...&amp;quot;&amp;gt;Joey&amp;lt;/label&amp;gt; is not clickable at point (1046, 456). Other element would receive the click: &amp;lt;div class=&amp;quot;cart__detail-info&amp;quot;&amp;gt;...&amp;lt;/div&amp;gt;
  (Session info: chrome=96.0.4664.45)
Build info: version: &amp;apos;3.4.0&amp;apos;, revision: &amp;apos;unknown&amp;apos;, time: &amp;apos;unknown&amp;apos;
System info: host: &amp;apos;DESKTOP-GJ80SN7&amp;apos;, ip: &amp;apos;192.168.0.239&amp;apos;, os.name: &amp;apos;Windows 10&amp;apos;, os.arch: &amp;apos;amd64&amp;apos;, os.version: &amp;apos;10.0&amp;apos;, java.version: &amp;apos;16.0.2&amp;apos;
Driver info: org.openqa.selenium.chrome.ChromeDriver
Capabilities [{networkConnectionEnabled=false, chrome={chromedriverVersion=96.0.4664.45 (76e4c1bb2ab4671b8beba3444e61c0f17584b2fc-refs/branch-heads/4664@{#947}), userDataDir=C:\Users\SRAVAN~1\AppData\Local\Temp\scoped_dir5868_2050740809}, timeouts={implicit=0.0, pageLoad=300000.0, script=30000.0}, pageLoadStrategy=normal, unhandledPromptBehavior=dismiss and notify, strictFileInteractability=false, platform=ANY, proxy=Proxy(), goog:chromeOptions={debuggerAddress=localhost:50540}, webauthn:extension:credBlob=true, acceptInsecureCerts=false, browserVersion=96.0.4664.45, browserName=chrome, javascriptEnabled=true, platformName=windows, setWindowRect=true, webauthn:extension:largeBlob=true, webauthn:virtualAuthenticators=true}]
Session ID: ad7730a0e562b6168a35503fbc6906cf">
      <![CDATA[org.openqa.selenium.WebDriverException: element click intercepted: Element <label for="ProductSelect-7019647205574-option-style-...">Joey</label> is not clickable at point (1046, 456). Other element would receive the click: <div class="cart__detail-info">...</div>
  (Session info: chrome=96.0.4664.45)
Build info: version: '3.4.0', revision: 'unknown', time: 'unknown'
System info: host: 'DESKTOP-GJ80SN7', ip: '192.168.0.239', os.name: 'Windows 10', os.arch: 'amd64', os.version: '10.0', java.version: '16.0.2'
Driver info: org.openqa.selenium.chrome.ChromeDriver
Capabilities [{networkConnectionEnabled=false, chrome={chromedriverVersion=96.0.4664.45 (76e4c1bb2ab4671b8beba3444e61c0f17584b2fc-refs/branch-heads/4664@{#947}), userDataDir=C:\Users\SRAVAN~1\AppData\Local\Temp\scoped_dir5868_2050740809}, timeouts={implicit=0.0, pageLoad=300000.0, script=30000.0}, pageLoadStrategy=normal, unhandledPromptBehavior=dismiss and notify, strictFileInteractability=false, platform=ANY, proxy=Proxy(), goog:chromeOptions={debuggerAddress=localhost:50540}, webauthn:extension:credBlob=true, acceptInsecureCerts=false, browserVersion=96.0.4664.45, browserName=chrome, javascriptEnabled=true, platformName=windows, setWindowRect=true, webauthn:extension:largeBlob=true, webauthn:virtualAuthenticators=true}]
Session ID: ad7730a0e562b6168a35503fbc6906cf
	at org.openqa.selenium.remote.http.W3CHttpResponseCodec.createException(W3CHttpResponseCodec.java:150)
	at org.openqa.selenium.remote.http.W3CHttpResponseCodec.decode(W3CHttpResponseCodec.java:115)
	at org.openqa.selenium.remote.http.W3CHttpResponseCodec.decode(W3CHttpResponseCodec.java:45)
	at org.openqa.selenium.remote.HttpCommandExecutor.execute(HttpCommandExecutor.java:164)
	at org.openqa.selenium.remote.service.DriverCommandExecutor.execute(DriverCommandExecutor.java:82)
	at org.openqa.selenium.remote.RemoteWebDriver.execute(RemoteWebDriver.java:637)
	at org.openqa.selenium.remote.RemoteWebElement.execute(RemoteWebElement.java:272)
	at org.openqa.selenium.remote.RemoteWebElement.click(RemoteWebElement.java:82)
	at com.mindtree.com.stepdefinition.Adding3ItemsStepDefinition.click_on_third_item(Adding3ItemsStepDefinition.java:51)
	at âœ½.click on third item(file:///E:/EndToEndFramework/BDDFramework/src/test/java/com/mindtree/com/features/Adding3Items.feature:11)
... Removed 5 stack frames]]>
    </failure>
  </testcase> <!-- runScenario -->
  <testcase classname="com.mindtree.com.runner.Runner" name="runScenario" time="23.118"/>
  <testcase classname="com.mindtree.com.runner.Runner" name="runScenario" time="21.214"/>
  <testcase classname="com.mindtree.com.runner.Runner" name="runScenario" time="26.186"/>
  <testcase classname="com.mindtree.com.runner.Runner" name="runScenario" time="27.253"/>
  <testcase classname="com.mindtree.com.runner.Runner" name="runScenario" time="17.251"/>
  <testcase classname="com.mindtree.com.runner.Runner" name="runScenario" time="16.365"/>
  <testcase classname="com.mindtree.com.runner.Runner" name="runScenario" time="14.188"/>
  <testcase classname="com.mindtree.com.runner.Runner" name="runScenario" time="18.1">
    <failure type="io.cucumber.core.exception.CucumberException" message="Step [validate the title] is defined with 1 parameters at &amp;apos;com.mindtree.com.stepdefinition.ValidateTitleStepDefinition.validate_the_title(java.lang.String)&amp;apos;.
However, the gherkin step has 0 arguments.
Step text: validate the title">
      <![CDATA[io.cucumber.core.exception.CucumberException: Step [validate the title] is defined with 1 parameters at 'com.mindtree.com.stepdefinition.ValidateTitleStepDefinition.validate_the_title(java.lang.String)'.
However, the gherkin step has 0 arguments.
Step text: validate the title
	at io.cucumber.core.runner.PickleStepDefinitionMatch.arityMismatch(PickleStepDefinitionMatch.java:83)
	at io.cucumber.core.runner.PickleStepDefinitionMatch.runStep(PickleStepDefinitionMatch.java:42)
	at io.cucumber.core.runner.ExecutionMode$1.execute(ExecutionMode.java:10)
	at io.cucumber.core.runner.TestStep.executeStep(TestStep.java:86)
	at io.cucumber.core.runner.TestStep.run(TestStep.java:57)
	at io.cucumber.core.runner.PickleStepTestStep.run(PickleStepTestStep.java:51)
	at io.cucumber.core.runner.TestCase.run(TestCase.java:95)
	at io.cucumber.core.runner.Runner.runPickle(Runner.java:75)
	at io.cucumber.testng.TestNGCucumberRunner.lambda$runScenario$1(TestNGCucumberRunner.java:132)
	at io.cucumber.core.runtime.CucumberExecutionContext.lambda$runTestCase$3(CucumberExecutionContext.java:110)
	at io.cucumber.core.runtime.RethrowingThrowableCollector.executeAndThrow(RethrowingThrowableCollector.java:23)
	at io.cucumber.core.runtime.CucumberExecutionContext.runTestCase(CucumberExecutionContext.java:110)
	at io.cucumber.testng.TestNGCucumberRunner.runScenario(TestNGCucumberRunner.java:129)
	at io.cucumber.testng.AbstractTestNGCucumberTests.runScenario(AbstractTestNGCucumberTests.java:35)
... Removed 24 stack frames]]>
    </failure>
  </testcase> <!-- runScenario -->
  <testcase classname="com.mindtree.com.runner.Runner" name="runScenario" time="17.412"/>
</testsuite> <!-- Test -->
